This file contains any messages produced by compilers while
running configure, to aid debugging if configure makes a mistake.

It was created by configure, which was
generated by GNU Autoconf 2.69.  Invocation command line was

  $ ./configure --with-emacs=/usr/local/bin/emacs

## --------- ##
## Platform. ##
## --------- ##

hostname = yyz-Aspire-4740
uname -m = x86_64
uname -r = 3.13.0-48-generic
uname -s = Linux
uname -v = #80-Ubuntu SMP Thu Mar 12 11:16:15 UTC 2015

/usr/bin/uname -p = unknown
/bin/uname -X     = unknown

/bin/arch              = unknown
/usr/bin/arch -k       = unknown
/usr/convex/getsysinfo = unknown
/usr/bin/hostinfo      = unknown
/bin/machine           = unknown
/usr/bin/oslevel       = unknown
/bin/universe          = unknown

PATH: /home/yyz/.sdkman/candidates/groovy/current/bin
PATH: /home/yyz/.sdkman/candidates/gradle/current/bin
PATH: /home/yyz/.rvm/gems/ruby-2.1.1/bin
PATH: /home/yyz/.rvm/gems/ruby-2.1.1@global/bin
PATH: /home/yyz/.rvm/rubies/ruby-2.1.1/bin
PATH: /usr/local/sbin
PATH: /usr/local/bin
PATH: /usr/sbin
PATH: /usr/bin
PATH: /sbin
PATH: /bin
PATH: /usr/games
PATH: /usr/local/games
PATH: /usr/lib/jvm/java-8-oracle/bin
PATH: /usr/lib/jvm/java-8-oracle/db/bin
PATH: /usr/lib/jvm/java-8-oracle/jre/bin
PATH: /opt/apache-tomcat-7.0.67//bin
PATH: /home/yyz/.rvm/bin


## ----------- ##
## Core tests. ##
## ----------- ##

configure:1708: checking whether make sets $(MAKE)
configure:1730: result: yes
configure:1782: checking for a BSD-compatible install
configure:1850: result: /usr/bin/install -c
configure:1863: checking for makeinfo
configure:1879: found /usr/bin/makeinfo
configure:1891: result: makeinfo
configure:1901: checking for texi2dvi
configure:1917: found /usr/bin/texi2dvi
configure:1929: result: texi2dvi
configure:1939: checking for ptex
configure:1955: found /usr/bin/ptex
configure:1967: result: ptex
configure:1979: checking for pbibtex
configure:1995: found /usr/bin/pbibtex
configure:2006: result: pbibtex
configure:2020: checking for dvipdfmx
configure:2036: found /usr/bin/dvipdfmx
configure:2048: result: dvipdfmx
configure:2058: checking for texi2pdf
configure:2074: found /usr/bin/texi2pdf
configure:2086: result: texi2pdf
configure:2098: checking for egrep
configure:2114: found /bin/egrep
configure:2125: result: egrep
configure:2138: checking for cygpath
configure:2166: result: no
configure:2232: checking for /usr/local/bin/emacs
configure:2263: result: /usr/local/bin/emacs
configure:2425: checking what a flavor does /usr/local/bin/emacs have
=> Emacs 24.5
configure:2468: result: Emacs 24.5
configure:2480: checking prefix for /usr/local/bin/emacs
=> /usr/local
configure:2513: result: /usr/local
configure:2521: checking where lisp files should go
configure:2543: result: $(prefix)/share/emacs/site-lisp/w3m/
configure:2703: checking where icon files should go
=> $(prefix)/share/emacs/24.5/etc/images/w3m
configure:2749: result: $(prefix)/share/emacs/24.5/etc/images/w3m
configure:2795: checking for gzip
configure:2813: found /bin/gzip
configure:2825: result: /bin/gzip
configure:3006: creating ./config.status

## ---------------------- ##
## Running config.status. ##
## ---------------------- ##

This file was extended by config.status, which was
generated by GNU Autoconf 2.69.  Invocation command line was

  CONFIG_FILES    = 
  CONFIG_HEADERS  = 
  CONFIG_LINKS    = 
  CONFIG_COMMANDS = 
  $ ./config.status 

on yyz-Aspire-4740

config.status:734: creating Makefile
config.status:734: creating doc/Makefile

## ---------------- ##
## Cache variables. ##
## ---------------- ##

EMACS_cv_SYS_flavor='Emacs 24.5'
EMACS_cv_SYS_icondir='$(prefix)/share/emacs/24.5/etc/images/w3m'
EMACS_cv_SYS_prefix=/usr/local
ac_cv_env_build_alias_set=
ac_cv_env_build_alias_value=
ac_cv_env_host_alias_set=
ac_cv_env_host_alias_value=
ac_cv_env_target_alias_set=
ac_cv_env_target_alias_value=
ac_cv_path_EMACS=/usr/local/bin/emacs
ac_cv_path_GZIP_PROG=/bin/gzip
ac_cv_path_install='/usr/bin/install -c'
ac_cv_prog_CYGPATH=no
ac_cv_prog_DVIPDFMX=dvipdfmx
ac_cv_prog_EGREP=egrep
ac_cv_prog_MAKEINFO=makeinfo
ac_cv_prog_PBIBTEX=pbibtex
ac_cv_prog_PTEX=ptex
ac_cv_prog_TEXI2DVI=texi2dvi
ac_cv_prog_TEXI2PDF=texi2pdf
ac_cv_prog_make_make_set=yes

## ----------------- ##
## Output variables. ##
## ----------------- ##

ADDITIONAL_LOAD_PATH='NONE'
COMPRESS_INSTALL='yes'
CYGPATH='no'
DEFS='-DPACKAGE_NAME=\"\" -DPACKAGE_TARNAME=\"\" -DPACKAGE_VERSION=\"\" -DPACKAGE_STRING=\"\" -DPACKAGE_BUGREPORT=\"\" -DPACKAGE_URL=\"\"'
DVIPDFMX='dvipdfmx'
ECHO_C=''
ECHO_N='-n'
ECHO_T=''
EGREP='egrep'
EMACS='/usr/local/bin/emacs'
GZIP_PROG='/bin/gzip'
ICONDIR='$(prefix)/share/emacs/24.5/etc/images/w3m'
INSTALL_DATA='${INSTALL} -m 644'
INSTALL_PROGRAM='${INSTALL}'
INSTALL_SCRIPT='${INSTALL}'
LIBOBJS=''
LIBS=''
LTLIBOBJS=''
MAKEINFO='makeinfo'
PACKAGEDIR='NONE'
PACKAGE_BUGREPORT=''
PACKAGE_NAME=''
PACKAGE_STRING=''
PACKAGE_TARNAME=''
PACKAGE_URL=''
PACKAGE_VERSION=''
PATH_SEPARATOR=':'
PBIBTEX='pbibtex'
PTEX='ptex'
SET_MAKE=''
SHELL='/bin/sh'
TEXI2DVI='texi2dvi'
TEXI2PDF='texi2pdf'
VANILLA_FLAG='-q -no-site-file'
XEMACSDEBUG=''
bindir='${exec_prefix}/bin'
build_alias=''
datadir='${datarootdir}'
datarootdir='${prefix}/share'
docdir='${datarootdir}/doc/${PACKAGE}'
dvidir='${docdir}'
exec_prefix='${prefix}'
host_alias=''
htmldir='${docdir}'
includedir='${prefix}/include'
infodir='${datarootdir}/info'
libdir='${exec_prefix}/lib'
libexecdir='${exec_prefix}/libexec'
lispdir='$(prefix)/share/emacs/site-lisp/w3m'
localedir='${datarootdir}/locale'
localstatedir='${prefix}/var'
mandir='${datarootdir}/man'
oldincludedir='/usr/include'
pdfdir='${docdir}'
prefix='/usr/local'
program_transform_name='s,x,x,'
psdir='${docdir}'
sbindir='${exec_prefix}/sbin'
sharedstatedir='${prefix}/com'
sysconfdir='${prefix}/etc'
target_alias=''

## ----------- ##
## confdefs.h. ##
## ----------- ##

/* confdefs.h */
#define PACKAGE_NAME ""
#define PACKAGE_TARNAME ""
#define PACKAGE_VERSION ""
#define PACKAGE_STRING ""
#define PACKAGE_BUGREPORT ""
#define PACKAGE_URL ""

configure: exit 0
